<?xml version="1.0" encoding="UTF-8"?>
<testng-results ignored="0" total="4" passed="4" failed="0" skipped="0">
  <reporter-output>
  </reporter-output>
  <suite started-at="2020-07-24T11:07:18Z" name="Suite" finished-at="2020-07-24T11:07:18Z" duration-ms="98">
    <groups>
    </groups>
    <test started-at="2020-07-24T11:07:18Z" name="Test" finished-at="2020-07-24T11:07:18Z" duration-ms="98">
      <class name="qaclickacademy.RESTAPITest">
        <test-method signature="deleteTwitter()[pri:0, instance:qaclickacademy.RESTAPITest@1a38c59b]" started-at="2020-07-24T11:07:18Z" name="deleteTwitter" finished-at="2020-07-24T11:07:18Z" duration-ms="1" status="PASS">
          <reporter-output>
          </reporter-output>
        </test-method> <!-- deleteTwitter -->
        <test-method signature="postJira()[pri:0, instance:qaclickacademy.RESTAPITest@1a38c59b]" started-at="2020-07-24T11:07:18Z" name="postJira" finished-at="2020-07-24T11:07:18Z" duration-ms="1" status="PASS">
          <reporter-output>
          </reporter-output>
        </test-method> <!-- postJira -->
      </class> <!-- qaclickacademy.RESTAPITest -->
      <class name="qaclickacademy.SeleniumTest">
        <test-method signature="BrowserAUtomation()[pri:0, instance:qaclickacademy.SeleniumTest@448ff1a8]" started-at="2020-07-24T11:07:18Z" name="BrowserAUtomation" finished-at="2020-07-24T11:07:18Z" duration-ms="22" status="PASS">
          <reporter-output>
          </reporter-output>
        </test-method> <!-- BrowserAUtomation -->
        <test-method signature="elementsUi()[pri:0, instance:qaclickacademy.SeleniumTest@448ff1a8]" started-at="2020-07-24T11:07:18Z" name="elementsUi" finished-at="2020-07-24T11:07:18Z" duration-ms="1" status="PASS">
          <reporter-output>
          </reporter-output>
        </test-method> <!-- elementsUi -->
      </class> <!-- qaclickacademy.SeleniumTest -->
    </test> <!-- Test -->
  </suite> <!-- Suite -->
</testng-results>
