<?xml version="1.0" encoding="UTF-8"?>
<!-- Generated by org.testng.reporters.JUnitXMLReporter -->
<testsuite ignored="0" hostname="DESKTOP-3640VJC" failures="0" tests="4" name="Test" time="0.098" errors="0" timestamp="24 Jul 2020 11:07:18 GMT">
  <testcase classname="qaclickacademy.SeleniumTest" name="BrowserAUtomation" time="0.022"/>
  <testcase classname="qaclickacademy.SeleniumTest" name="elementsUi" time="0.001"/>
  <testcase classname="qaclickacademy.RESTAPITest" name="deleteTwitter" time="0.001"/>
  <testcase classname="qaclickacademy.RESTAPITest" name="postJira" time="0.001"/>
</testsuite> <!-- Test -->
